Server listening on port 3002
node:events:491
      throw er; // Unhandled 'error' event
      ^

Error: listen EADDRINUSE: address already in use :::3002
    at Server.setupListenHandle [as _listen2] (node:net:1727:16)
    at listenInCluster (node:net:1775:12)
    at Server.listen (node:net:1863:7)
    at Function.listen (/home/samah/projects/vocab-composition/node_modules/express/lib/application.js:635:24)
    at Object.<anonymous> (/home/samah/projects/vocab-composition/server3.js:60:5)
    at Module._compile (node:internal/modules/cjs/loader:1218:14)
    at Module._extensions..js (node:internal/modules/cjs/loader:1272:10)
    at Module.load (node:internal/modules/cjs/loader:1081:32)
    at Module._load (node:internal/modules/cjs/loader:922:12)
    at Function.executeUserEntryPoint [as runMain] (node:internal/modules/run_main:81:12)
Emitted 'error' event on Server instance at:
    at emitErrorNT (node:net:1754:8)
    at process.processTicksAndRejections (node:internal/process/task_queues:82:21) {
  code: 'EADDRINUSE',
  errno: -98,
  syscall: 'listen',
  address: '::',
  port: 3002
}

Node.js v18.13.0
